[     557ms] [ERROR] Failed to load resource: the server responded with a status of 404 () @ https://www.behr.com/'https://mascocg.my.site.com/ESWEnhancedChat1767201575626/assets/js/bootstrap.min.js:0
[     884ms] [ERROR] Refused to execute script from 'https://www.behr.com/'https://mascocg.my.site.com/ESWEnhancedChat1767201575626/assets/js/bootstrap.min.js' because its MIME type ('text/html') is not executable, and strict MIME type checking is enabled. @ https://www.behr.com/consumer/colors/paint/visualizer/rooms/bedroom?colors=PPU18-15,N530-6,PPU7-05,RD-W10&roomName=Bedroom&id=3:0
[    1645ms] [WARNING] reCAPTCHA couldn't find user-provided function: onloadCallbackRecaptcha @ https://www.gstatic.com/recaptcha/releases/qm3PSRIx10pekcnS9DjGnjPW/recaptcha__en.js:162
[    1655ms] [WARNING] [Meta Pixel] - Duplicate Pixel ID: 1854242291404050. @ https://connect.facebook.net/en_US/fbevents.js:175
[    1710ms] [ERROR] ERROR TypeError: Cannot read properties of undefined (reading 'colorCs_id')
    at t.init (https://www.behr.com/webfiles/latest/js/behr/colorsmart/v19/main.js:25:90162)
    at t.ngOnInit (https://www.behr.com/webfiles/latest/js/behr/colorsmart/v19/main.js:25:90111)
    at V2 (https://www.behr.com/webfiles/latest/js/behr/colorsmart/v19/main.js:17:13831)
    at Ej (https://www.behr.com/webfiles/latest/js/behr/colorsmart/v19/main.js:17:13981)
    at fM (https://www.behr.com/webfiles/latest/js/behr/colorsmart/v19/main.js:17:13737)
    at pm (https://www.behr.com/webfiles/latest/js/behr/colorsmart/v19/main.js:17:13463)
    at Vk (https://www.behr.com/webfiles/latest/js/behr/colorsmart/v19/main.js:17:54346)
    at Fb (https://www.behr.com/webfiles/latest/js/behr/colorsmart/v19/main.js:17:55366)
    at AO (https://www.behr.com/webfiles/latest/js/behr/colorsmart/v19/main.js:17:55195)
    at IO (https://www.behr.com/webfiles/latest/js/behr/colorsmart/v19/main.js:17:54990) @ https://www.behr.com/webfiles/latest/js/behr/colorsmart/v19/main.js:16
[    1832ms] TypeError: Cannot read properties of undefined (reading 'colorCs_id')
    at t.init (https://www.behr.com/webfiles/latest/js/behr/colorsmart/v19/main.js:25:90162)
    at t.ngOnInit (https://www.behr.com/webfiles/latest/js/behr/colorsmart/v19/main.js:25:90111)
    at V2 (https://www.behr.com/webfiles/latest/js/behr/colorsmart/v19/main.js:17:13831)
    at Ej (https://www.behr.com/webfiles/latest/js/behr/colorsmart/v19/main.js:17:13981)
    at fM (https://www.behr.com/webfiles/latest/js/behr/colorsmart/v19/main.js:17:13737)
    at pm (https://www.behr.com/webfiles/latest/js/behr/colorsmart/v19/main.js:17:13463)
    at Vk (https://www.behr.com/webfiles/latest/js/behr/colorsmart/v19/main.js:17:54346)
    at Fb (https://www.behr.com/webfiles/latest/js/behr/colorsmart/v19/main.js:17:55366)
    at AO (https://www.behr.com/webfiles/latest/js/behr/colorsmart/v19/main.js:17:55195)
    at IO (https://www.behr.com/webfiles/latest/js/behr/colorsmart/v19/main.js:17:54990)
[    1818ms] [ERROR] Attestation check for Attribution Reporting on https://ara.paa-reporting-advertising.amazon failed. @ https://www.behr.com/consumer/colors/paint/visualizer/rooms/bedroom?colors=PPU18-15,N530-6,PPU7-05,RD-W10&roomName=Bedroom&id=3:0
[    1835ms] [ERROR] Attestation check for Attribution Reporting on https://www.facebook.com failed. @ https://www.behr.com/consumer/colors/paint/visualizer/rooms/bedroom?colors=PPU18-15,N530-6,PPU7-05,RD-W10&roomName=Bedroom&id=3:0
[    1835ms] [ERROR] Attestation check for Attribution Reporting on https://www.facebook.com failed. @ https://www.behr.com/consumer/colors/paint/visualizer/rooms/bedroom?colors=PPU18-15,N530-6,PPU7-05,RD-W10&roomName=Bedroom&id=3:0
[    1835ms] [ERROR] Attestation check for Attribution Reporting on https://www.google-analytics.com failed. @ https://www.behr.com/consumer/colors/paint/visualizer/rooms/bedroom?colors=PPU18-15,N530-6,PPU7-05,RD-W10&roomName=Bedroom&id=3:0
[    1838ms] [ERROR] Attestation check for Shared Storage on https://ara.paa-reporting-advertising.amazon failed. @ https://www.behr.com/consumer/colors/paint/visualizer/rooms/bedroom?colors=PPU18-15,N530-6,PPU7-05,RD-W10&roomName=Bedroom&id=3:0
[    1868ms] [ERROR] Attestation check for Attribution Reporting on https://www.google-analytics.com failed. @ https://www.behr.com/consumer/colors/paint/visualizer/rooms/bedroom?colors=PPU18-15,N530-6,PPU7-05,RD-W10&roomName=Bedroom&id=3:0
[    1933ms] [ERROR] Error occurred: Pf @ https://www.behr.com/webfiles/latest/js/behr/colorsmart/v19/main.js:20
[    2335ms] [ERROR] Error occurred: Pf @ https://www.behr.com/webfiles/latest/js/behr/colorsmart/v19/main.js:20
[    2335ms] [ERROR] Error occurred: Pf @ https://www.behr.com/webfiles/latest/js/behr/colorsmart/v19/main.js:20
[    2335ms] [ERROR] Error occurred: Pf @ https://www.behr.com/webfiles/latest/js/behr/colorsmart/v19/main.js:20
[    2335ms] [ERROR] Error occurred: Pf @ https://www.behr.com/webfiles/latest/js/behr/colorsmart/v19/main.js:20
