[    1100ms] [WARNING] [LaunchDarkly] Error on stream connection: {"isTrusted":true}, will continue retrying after 610 milliseconds. @ https://web.pypestream.com/assets/index.51dd546c.js:23
[    1152ms] [WARNING] **** gigya.js loaded twice **** @ https://cdns.gigya.com/js/gigya.js?apikey=3_J0C-p-U2nvXytymS5LeNbnD6JFk5mpK3Lncp1HjMKbA8XxTHoIcR3tKHAFoAVxhn:52
[    1210ms] [ERROR] No out of region element found in middleHeader. Falling back to displaying minicart @ https://cdn.gbqofs.com/swp/common/p/detector-bootstrap.min.js:9
[    1268ms] [WARNING] Geolocation permission has been blocked as the user has dismissed the permission prompt several times. This can be reset in Page Info which can be accessed by clicking the tune icon next to the URL. See https://www.chromestatus.com/feature/6443143280984064 for more information. @ https://www.sherwin-williams.com/en-us/color/color-family/red-paint-colors/SW6871-positive-red:993
[    1268ms] [WARNING] GeolocationPositionError @ https://www.sherwin-williams.com/etc.clientlibs/tag-aem-swcom/clientlibs/clientlib-header.min.f5b1731fd61cbb5c5c99a8c25ca84e57.js:1
[    1270ms] [ERROR] No out of region element found in middleHeader. Falling back to displaying minicart @ https://cdn.gbqofs.com/swp/common/p/detector-bootstrap.min.js:9
[    1276ms] [WARNING] Adobe Client Data Layer v2.0.2 has already been imported/initialized on this page. You may be erroneously loading it a second time. @ https://www.sherwin-williams.com/etc.clientlibs/tag-aem-swcom/clientlibs/clientlib-base.min.857d4c8ac9a6e958114bdd9f9d6fc958.js:180
[    1314ms] [WARNING] Geolocation permission has been blocked as the user has dismissed the permission prompt several times. This can be reset in Page Info which can be accessed by clicking the tune icon next to the URL. See https://www.chromestatus.com/feature/6443143280984064 for more information. @ https://www.sherwin-williams.com/en-us/color/color-family/red-paint-colors/SW6871-positive-red:0
[    1314ms] [ERROR] GeolocationPositionError @ https://cdn.gbqofs.com/swp/common/p/detector-bootstrap.min.js:9
[    1314ms] [ERROR] Could not access users position in gateway-storedetail RegionDetection. @ https://cdn.gbqofs.com/swp/common/p/detector-bootstrap.min.js:9
[    1314ms] [ERROR] Could not access users position in gateway-storedetail RegionDetection. @ https://cdn.gbqofs.com/swp/common/p/detector-bootstrap.min.js:9
[    1618ms] [ERROR] Failed to load resource: the server responded with a status of 404 () @ https://www.sherwin-williams.com/wcs/resources/store/10151/cart/@self?catalogId=11051&languageId=-1&storeId=10151:0
[    1623ms] [WARNING] o @ https://www.sherwin-williams.com/etc.clientlibs/tag-aem-swcom/clientlibs/clientlib-header.min.f5b1731fd61cbb5c5c99a8c25ca84e57.js:1
[    1883ms] [WARNING] Error with Permissions-Policy header: Unrecognized feature: 'document-domain'. @ :0
[    2052ms] [ERROR] Failed to load resource: the server responded with a status of 404 () @ https://www.sherwin-williams.com/wcs/resources/store/10151/cart/@self?catalogId=11051&languageId=-1&storeId=10151:0
[    2052ms] [WARNING] o @ https://www.sherwin-williams.com/etc.clientlibs/tag-aem-swcom/clientlibs/clientlib-header.min.f5b1731fd61cbb5c5c99a8c25ca84e57.js:1
[    2893ms] TypeError: Cannot read properties of undefined (reading 'classList')
    at https://www.sherwin-williams.com/etc.clientlibs/tag-aem-swcom/clientlibs/clientlib-color-journey.min.37464d359a308c70ee8731f10cfb41cd.js:2:2446339
    at Array.forEach (<anonymous>)
    at MutationObserver.<anonymous> (https://www.sherwin-williams.com/etc.clientlibs/tag-aem-swcom/clientlibs/clientlib-color-journey.min.37464d359a308c70ee8731f10cfb41cd.js:2:2446281)
[    4413ms] [ERROR] ACK timeout error @ https://cdn.gbqofs.com/swp/common/p/detector-bootstrap.min.js:9
