[     135ms] [WARNING] [LaunchDarkly] Error on stream connection: {"isTrusted":true}, will continue retrying after 506 milliseconds. @ https://web.pypestream.com/assets/index.51dd546c.js:23
[     381ms] Error: Minified React error #200; visit https://reactjs.org/docs/error-decoder.html?invariant=200 for the full message or use the non-minified dev environment for full errors and additional helpful warnings.
    at e.render (https://www.sherwin-williams.com/etc.clientlibs/tag-aem-spa/clientlibs/clientlib-quiz.min.1ae802fd1420a55c113e2e3638ca54b2.js:2:213229)
    at https://www.sherwin-williams.com/etc.clientlibs/tag-aem-spa/clientlibs/clientlib-quiz.min.1ae802fd1420a55c113e2e3638ca54b2.js:2:492625
    at https://www.sherwin-williams.com/etc.clientlibs/tag-aem-spa/clientlibs/clientlib-quiz.min.1ae802fd1420a55c113e2e3638ca54b2.js:2:492689
    at https://www.sherwin-williams.com/etc.clientlibs/tag-aem-spa/clientlibs/clientlib-quiz.min.1ae802fd1420a55c113e2e3638ca54b2.js:2:492692
[     514ms] [ERROR] Failed to load resource: the server responded with a status of 404 () @ https://www.sherwin-williams.com/wcs/resources/store/10151/cart/@self?catalogId=11051&languageId=-1&storeId=10151:0
[     554ms] [WARNING] o @ https://www.sherwin-williams.com/etc.clientlibs/tag-aem-swcom/clientlibs/clientlib-header.min.f5b1731fd61cbb5c5c99a8c25ca84e57.js:1
[    1273ms] [WARNING] Error with Permissions-Policy header: Unrecognized feature: 'document-domain'. @ :0
[    2548ms] [WARNING] GeolocationPositionError @ https://www.sherwin-williams.com/etc.clientlibs/tag-aem-swcom/clientlibs/clientlib-header.min.f5b1731fd61cbb5c5c99a8c25ca84e57.js:1
[    2548ms] [ERROR] GeolocationPositionError @ https://cdn.gbqofs.com/swp/common/p/detector-bootstrap.min.js:9
[    2549ms] [ERROR] Could not access users position in middleHeader. Falling back to displaying minicart @ https://cdn.gbqofs.com/swp/common/p/detector-bootstrap.min.js:9
[    2549ms] [ERROR] Could not access users position in gateway-storedetail RegionDetection. @ https://cdn.gbqofs.com/swp/common/p/detector-bootstrap.min.js:9
[    2549ms] [ERROR] Could not access users position in gateway-storedetail RegionDetection. @ https://cdn.gbqofs.com/swp/common/p/detector-bootstrap.min.js:9
[    2563ms] [WARNING] Geolocation permission has been blocked as the user has dismissed the permission prompt several times. This can be reset in Page Info which can be accessed by clicking the tune icon next to the URL. See https://www.chromestatus.com/feature/6443143280984064 for more information. @ https://www.sherwin-williams.com/en-us/color/color-family/red-paint-colors/tab/all-reds:0
[    2563ms] [ERROR] GeolocationPositionError @ https://cdn.gbqofs.com/swp/common/p/detector-bootstrap.min.js:9
[    2563ms] [ERROR] Could not access users position in middleHeader. Falling back to displaying minicart @ https://cdn.gbqofs.com/swp/common/p/detector-bootstrap.min.js:9
[    2911ms] [ERROR] Failed to load resource: the server responded with a status of 404 () @ https://www.sherwin-williams.com/wcs/resources/store/10151/cart/@self?catalogId=11051&languageId=-1&storeId=10151:0
[    2912ms] [WARNING] o @ https://www.sherwin-williams.com/etc.clientlibs/tag-aem-swcom/clientlibs/clientlib-header.min.f5b1731fd61cbb5c5c99a8c25ca84e57.js:1
[    3365ms] [ERROR] ACK timeout error @ https://cdn.gbqofs.com/swp/common/p/detector-bootstrap.min.js:9
